10:14:38 **** Auto Build of configuration Debug for project FlashTest ****
make pre-build main-build 
a9-linaro-pre-build-step
 
Building file: ../src/xqspips_flash_intr_example.c
Invoking: ARM v7 gcc compiler
arm-none-eabi-gcc -Wall -O0 -g3 -c -fmessage-length=0 -MT"src/xqspips_flash_intr_example.o" -mcpu=cortex-a9 -mfpu=vfpv3 -mfloat-abi=hard -I../../standalone_bsp_0/ps7_cortexa9_0/include -MMD -MP -MF"src/xqspips_flash_intr_example.d" -MT"src/xqspips_flash_intr_example.o" -o "src/xqspips_flash_intr_example.o" "../src/xqspips_flash_intr_example.c"
../src/xqspips_flash_intr_example.c:87:10: fatal error: xparameters.h: No such file or directory
 #include "xparameters.h" /* SDK generated parameters */
          ^~~~~~~~~~~~~~~
compilation terminated.
src/subdir.mk:21: recipe for target 'src/xqspips_flash_intr_example.o' failed
make: *** [src/xqspips_flash_intr_example.o] Error 1

10:14:39 Build Finished (took 174ms)

